<?xml version="1.0" encoding="UTF-8"?>
<!-- Generated by org.testng.reporters.JUnitReportReporter -->
<testsuite skipped="0" hostname="LAPTOP-CHJ3T9AA" name="com.amazonAuto.tests.AmazonTest" tests="1" failures="0" timestamp="2021-05-13T19:07:37 IST" time="201.656" errors="0">
  <testcase name="test" time="201.656" classname="com.amazonAuto.tests.AmazonTest"/>
  <system-out/>
</testsuite> <!-- com.amazonAuto.tests.AmazonTest -->
